<?xml version="1.0" encoding="UTF-8"?>
<!-- Generated by org.testng.reporters.JUnitXMLReporter -->
<testsuite hostname="INCNU4139Z0T" ignored="0" name="Test" tests="4" failures="0" timestamp="04 Apr 2019 07:56:42 GMT" time="155.134" errors="0">
  <testcase name="basePageNavigation" time="50.936" classname="Academy.HomePage"/>
  <testcase name="basePageNavigation" time="27.722" classname="Academy.HomePage"/>
  <testcase name="basePageNavigation" time="3.108" classname="Academy.validateTitle"/>
  <testcase name="basePageNavigation" time="3.158" classname="Academy.validateNavigationBar"/>
</testsuite> <!-- Test -->
