<?xml version="1.0" encoding="UTF-8"?>
<!-- Generated by org.testng.reporters.JUnitXMLReporter -->
<testsuite hostname="INCNU4139Z0T" ignored="0" name="Validating Title in the Page" tests="1" failures="1" timestamp="05 Apr 2019 10:21:19 GMT" time="25.744" errors="0">
  <testcase name="validateTitle" time="3.364" classname="Academy.validateTitle">
    <failure type="java.lang.AssertionError" message="expected [FEATURED COURSES123] but found [FEATURED COURSES]">
      <![CDATA[java.lang.AssertionError: expected [FEATURED COURSES123] but found [FEATURED COURSES]
at Academy.validateTitle.validateTitle(validateTitle.java:36)
... Removed 34 stack frames]]>
    </failure>
  </testcase> <!-- validateTitle -->
</testsuite> <!-- Validating Title in the Page -->
